Host architecture   : Linux with perf_event kernel support and libpfm4
make CC=/workspace/riscv64-lp64d--glibc--stable-2023.11-1/bin/riscv64-linux-gcc -C sde_lib dynamic
Host CPU component  : perf_event
make -C testlib
Installation DESTDIR: 
make[1]: Entering directory '/workspace/_build/riscv64/RISC-V-PAPI/src/sde_lib'
/workspace/riscv64-lp64d--glibc--stable-2023.11-1/bin/riscv64-linux-gcc -c -Bdynamic -fPIC -shared -fvisibility=hidden -Wextra -Wall -O2 -g -I. -I.. sde_lib.c -o sde_lib_d.o
/workspace/riscv64-lp64d--glibc--stable-2023.11-1/bin/riscv64-linux-gcc -c -Bdynamic -fPIC -shared -fvisibility=hidden -Wextra -Wall -O2 -g -I. -I.. sde_lib_datastructures.c -o sde_lib_datastructures_d.o
Installation PREFIX : /mnt/sd2/papi
/workspace/riscv64-lp64d--glibc--stable-2023.11-1/bin/riscv64-linux-gcc -c -Bdynamic -fPIC -shared -fvisibility=hidden -Wextra -Wall -O2 -g -I. -I.. sde_lib_misc.c -o sde_lib_misc_d.o
/workspace/riscv64-lp64d--glibc--stable-2023.11-1/bin/riscv64-linux-gcc -c -Bdynamic -fPIC -shared -fvisibility=hidden -Wextra -Wall -O2 -g -I. -I.. sde_lib_ti.c -o sde_lib_ti_d.o
Installation EPREFIX: /mnt/sd2/papi
make[1]: Entering directory '/workspace/_build/riscv64/RISC-V-PAPI/src/testlib'
make[1]: Nothing to be done for 'all'.
make[1]: Leaving directory '/workspace/_build/riscv64/RISC-V-PAPI/src/testlib'
make -C utils
Installation INCDIR : /mnt/sd2/papi/include
make -C validation_tests
Installation LIBDIR : /mnt/sd2/papi/lib
make[1]: Entering directory '/workspace/_build/riscv64/RISC-V-PAPI/src/utils'
make[1]: Nothing to be done for 'default'.
make[1]: Leaving directory '/workspace/_build/riscv64/RISC-V-PAPI/src/utils'
Installation BINDIR : /mnt/sd2/papi/bin
Installation MANDIR : /mnt/sd2/papi/share/man
make[1]: Entering directory '/workspace/_build/riscv64/RISC-V-PAPI/src/validation_tests'
make[1]: Nothing to be done for 'all'.
make[1]: Leaving directory '/workspace/_build/riscv64/RISC-V-PAPI/src/validation_tests'
Installation DOCDIR : /mnt/sd2/papi/share/doc/papi
make -C ctests
Installation DATADIR: /mnt/sd2/papi/share/papi
make[1]: Entering directory '/workspace/_build/riscv64/RISC-V-PAPI/src/components/perf_event/tests'
make[1]: Nothing to be done for 'tests'.
make[1]: Leaving directory '/workspace/_build/riscv64/RISC-V-PAPI/src/components/perf_event/tests'

make[1]: Entering directory '/workspace/_build/riscv64/RISC-V-PAPI/src/ctests'
/workspace/riscv64-lp64d--glibc--stable-2023.11-1/bin/riscv64-linux-gcc -pthread -I../testlib -I../validation_tests -I.. -I. -g -O2 -Wno-error --static -g -Wextra  -Wall -DPAPI_NUM_COMP=3 -O1  pthread_hl.c ../testlib/libtestlib.a ../testlib/do_loops.o ../libpapi.a -static -o pthread_hl -lpthread
/workspace/riscv64-lp64d--glibc--stable-2023.11-1/bin/riscv64-linux-gcc -pthread -I../testlib -I../validation_tests -I.. -I. -g -O2 -Wno-error --static -g -Wextra  -Wall -DPAPI_NUM_COMP=3 -O1  pthrtough.c ../testlib/libtestlib.a ../libpapi.a -static -o pthrtough -lpthread
make[1]: Entering directory '/workspace/_build/riscv64/RISC-V-PAPI/src/components/perf_event_uncore/tests'
make[1]: Nothing to be done for 'tests'.
make[1]: Leaving directory '/workspace/_build/riscv64/RISC-V-PAPI/src/components/perf_event_uncore/tests'
/workspace/riscv64-lp64d--glibc--stable-2023.11-1/bin/riscv64-linux-gcc -pthread -I../testlib -I../validation_tests -I.. -I. -g -O2 -Wno-error --static -g -Wextra  -Wall -DPAPI_NUM_COMP=3 -O1  pthrtough2.c ../testlib/libtestlib.a ../libpapi.a -static -o pthrtough2 -lpthread
/workspace/riscv64-lp64d--glibc--stable-2023.11-1/bin/riscv64-linux-gcc -pthread -I../testlib -I../validation_tests -I.. -I. -g -O2 -Wno-error --static -g -Wextra  -Wall -DPAPI_NUM_COMP=3 -O1  thrspecific.c ../testlib/libtestlib.a ../libpapi.a -static -o thrspecific -lpthread
/workspace/riscv64-lp64d--glibc--stable-2023.11-1/bin/riscv64-linux-gcc -pthread -I../testlib -I../validation_tests -I.. -I. -g -O2 -Wno-error --static -g -Wextra  -Wall -DPAPI_NUM_COMP=3 -O1  profile_pthreads.c ../testlib/libtestlib.a ../testlib/do_loops.o ../libpapi.a -static -o profile_pthreads -lpthread
make[1]: Entering directory '/workspace/_build/riscv64/RISC-V-PAPI/src/components/sysdetect/tests'
/workspace/riscv64-lp64d--glibc--stable-2023.11-1/bin/riscv64-linux-gcc -g -O2 -Wno-error --static -g -Wextra  -Wall -DPAPI_NUM_COMP=3 -I. -I../../.. -I../../../testlib -I../../../validation_tests -I/mnt/sd2/papi/include -o query_device_simple query_device_simple.o ../../../testlib/libtestlib.a ../../../libpapi.a 
/workspace/riscv64-lp64d--glibc--stable-2023.11-1/bin/riscv64-linux-gfortran -free -I../../.. -o query_device_simple_f query_device_simple_f.F ../../../libpapi.a 
/workspace/riscv64-lp64d--glibc--stable-2023.11-1/bin/riscv64-linux-gcc -pthread -I../testlib -I../validation_tests -I.. -I. -g -O2 -Wno-error --static -g -Wextra  -Wall -DPAPI_NUM_COMP=3 -O1  overflow_pthreads.c ../testlib/libtestlib.a ../testlib/do_loops.o ../libpapi.a -static -o overflow_pthreads -lpthread
/workspace/riscv64-lp64d--glibc--stable-2023.11-1/bin/riscv64-linux-gcc -pthread -I../testlib -I../validation_tests -I.. -I. -g -O2 -Wno-error --static -g -Wextra  -Wall -DPAPI_NUM_COMP=3 -O1  zero_pthreads.c ../testlib/libtestlib.a ../testlib/do_loops.o ../libpapi.a -static -o zero_pthreads -lpthread
/workspace/riscv64-lp64d--glibc--stable-2023.11-1/bin/riscv64-linux-gcc -pthread -I../testlib -I../validation_tests -I.. -I. -g -O2 -Wno-error --static -g -Wextra  -Wall -DPAPI_NUM_COMP=3 -O1  clockres_pthreads.c ../testlib/libtestlib.a ../testlib/clockcore.o ../libpapi.a -static -o clockres_pthreads -lpthread -lm
/workspace/riscv64-lp64d--glibc--stable-2023.11-1/bin/riscv64-linux-gcc -pthread -I../testlib -I../validation_tests -I.. -I. -g -O2 -Wno-error --static -g -Wextra  -Wall -DPAPI_NUM_COMP=3 -O1  overflow3_pthreads.c ../testlib/libtestlib.a ../testlib/do_loops.o ../libpapi.a -static -o overflow3_pthreads -lpthread
/workspace/riscv64-lp64d--glibc--stable-2023.11-1/bin/riscv64-linux-gcc -pthread -I../testlib -I../validation_tests -I.. -I. -g -O2 -Wno-error --static -g -Wextra  -Wall -DPAPI_NUM_COMP=3 -O1  locks_pthreads.c ../testlib/libtestlib.a ../libpapi.a -static -o locks_pthreads -lpthread -lm
/workspace/riscv64-lp64d--glibc--stable-2023.11-1/bin/riscv64-linux-gcc -pthread -I../testlib -I../validation_tests -I.. -I. -g -O2 -Wno-error --static -g -Wextra  -Wall -DPAPI_NUM_COMP=3 -O1  krentel_pthreads.c ../testlib/libtestlib.a ../libpapi.a -static -o krentel_pthreads -lpthread
/workspace/riscv64-lp64d--glibc--stable-2023.11-1/bin/riscv64-linux-gcc -I../testlib -I../validation_tests -I.. -I. -g -O2 -Wno-error --static -g -Wextra  -Wall -DPAPI_NUM_COMP=3 -O1  serial_hl.c ../testlib/libtestlib.a ../testlib/do_loops.o ../libpapi.a -static -o serial_hl
make[1]: Leaving directory '/workspace/_build/riscv64/RISC-V-PAPI/src/components/sysdetect/tests'
/workspace/riscv64-lp64d--glibc--stable-2023.11-1/bin/riscv64-linux-gcc -I../testlib -I../validation_tests -I.. -I. -g -O2 -Wno-error --static -g -Wextra  -Wall -DPAPI_NUM_COMP=3 -O1  serial_hl_ll_comb.c ../testlib/libtestlib.a ../testlib/do_loops.o ../libpapi.a -static -o serial_hl_ll_comb
/workspace/riscv64-lp64d--glibc--stable-2023.11-1/bin/riscv64-linux-gcc -I../testlib -I../validation_tests -I.. -I. -g -O2 -Wno-error --static -g -Wextra  -Wall -DPAPI_NUM_COMP=3 -O1  all_events.c ../testlib/libtestlib.a ../libpapi.a -static -o all_events
/workspace/riscv64-lp64d--glibc--stable-2023.11-1/bin/riscv64-linux-gcc -I../testlib -I../validation_tests -I.. -I. -g -O2 -Wno-error --static -g -Wextra  -Wall -DPAPI_NUM_COMP=3 -O1  all_native_events.c ../testlib/libtestlib.a ../libpapi.a -static -o all_native_events
/workspace/riscv64-lp64d--glibc--stable-2023.11-1/bin/riscv64-linux-gcc -I../testlib -I../validation_tests -I.. -I. -g -O2 -Wno-error --static -g -Wextra  -Wall -DPAPI_NUM_COMP=3 -O1  branches.c ../testlib/libtestlib.a ../libpapi.a ../validation_tests/flops_testcode.o -static -lm -o branches
/workspace/riscv64-lp64d--glibc--stable-2023.11-1/bin/riscv64-linux-gcc -I../testlib -I../validation_tests -I.. -I. -g -O2 -Wno-error --static -g -Wextra  -Wall -DPAPI_NUM_COMP=3 -O1  calibrate.c ../testlib/libtestlib.a ../testlib/do_loops.o ../libpapi.a -static -o calibrate
/workspace/riscv64-lp64d--glibc--stable-2023.11-1/bin/riscv64-linux-gcc -I../testlib -I../validation_tests -I.. -I. -g -O2 -Wno-error --static -g -Wextra  -Wall -DPAPI_NUM_COMP=3 -O1  case1.c ../testlib/libtestlib.a ../testlib/do_loops.o ../libpapi.a -static -o case1
/workspace/riscv64-lp64d--glibc--stable-2023.11-1/bin/riscv64-linux-gcc -I../testlib -I../validation_tests -I.. -I. -g -O2 -Wno-error --static -g -Wextra  -Wall -DPAPI_NUM_COMP=3 -O1  case2.c ../testlib/libtestlib.a ../libpapi.a -static -o case2
/workspace/riscv64-lp64d--glibc--stable-2023.11-1/bin/riscv64-linux-gcc -I../testlib -I../validation_tests -I.. -I. -g -O2 -Wno-error --static -g -Wextra  -Wall -DPAPI_NUM_COMP=3 -O1  cmpinfo.c ../testlib/libtestlib.a ../libpapi.a -static -o cmpinfo 
/workspace/riscv64-lp64d--glibc--stable-2023.11-1/bin/riscv64-linux-gcc -I../testlib -I../validation_tests -I.. -I. -g -O2 -Wno-error --static -g -Wextra  -Wall -DPAPI_NUM_COMP=3 -O1  code2name.c ../testlib/libtestlib.a ../libpapi.a -static -o code2name
/workspace/riscv64-lp64d--glibc--stable-2023.11-1/bin/riscv64-linux-gcc -I../testlib -I../validation_tests -I.. -I. -g -O2 -Wno-error --static -g -Wextra  -Wall -DPAPI_NUM_COMP=3 -O1  derived.c ../testlib/libtestlib.a ../testlib/do_loops.o ../libpapi.a -static -o derived
/workspace/riscv64-lp64d--glibc--stable-2023.11-1/bin/riscv64-linux-gcc -I../testlib -I../validation_tests -I.. -I. -g -O2 -Wno-error --static -g -Wextra  -Wall -DPAPI_NUM_COMP=3 -O1  describe.c ../testlib/libtestlib.a ../libpapi.a -static -o describe
/workspace/riscv64-lp64d--glibc--stable-2023.11-1/bin/riscv64-linux-gcc -Bdynamic -fPIC -shared -Wl,-soname -Wl,libsde.so -fvisibility=hidden -Wextra -Wall -g -O2 sde_lib_d.o sde_lib_datastructures_d.o sde_lib_misc_d.o sde_lib_ti_d.o -lrt -ldl -pthread -o libsde.so.1.0
/workspace/riscv64-lp64d--glibc--stable-2023.11-1/bin/riscv64-linux-gcc -I../testlib -I../validation_tests -I.. -I. -g -O2 -Wno-error --static -g -Wextra  -Wall -DPAPI_NUM_COMP=3 -O1  destroy.c ../testlib/libtestlib.a ../validation_tests/instructions_testcode.o ../libpapi.a -static -o destroy
rm -f *_d.o
make[1]: Leaving directory '/workspace/_build/riscv64/RISC-V-PAPI/src/sde_lib'
ln -sf sde_lib/libsde.so.1.0 libsde.so
make CC=/workspace/riscv64-lp64d--glibc--stable-2023.11-1/bin/riscv64-linux-gcc -C sde_lib static
make[1]: Entering directory '/workspace/_build/riscv64/RISC-V-PAPI/src/sde_lib'
/workspace/riscv64-lp64d--glibc--stable-2023.11-1/bin/riscv64-linux-gcc -c -Bstatic -static -Wextra -Wall -O2 -g -I. -I.. sde_lib.c -o sde_lib_s.o
/workspace/riscv64-lp64d--glibc--stable-2023.11-1/bin/riscv64-linux-gcc -I../testlib -I../validation_tests -I.. -I. -g -O2 -Wno-error --static -g -Wextra  -Wall -DPAPI_NUM_COMP=3 -O1  disable_component.c ../testlib/libtestlib.a ../libpapi.a -static -o disable_component
/workspace/riscv64-lp64d--glibc--stable-2023.11-1/bin/riscv64-linux-gcc -I../testlib -I../validation_tests -I.. -I. -g -O2 -Wno-error --static -g -Wextra  -Wall -DPAPI_NUM_COMP=3 -O1  dmem_info.c ../testlib/libtestlib.a ../testlib/do_loops.o ../libpapi.a -static -o dmem_info
/workspace/riscv64-lp64d--glibc--stable-2023.11-1/bin/riscv64-linux-gcc -I../testlib -I../validation_tests -I.. -I. -g -O2 -Wno-error --static -g -Wextra  -Wall -DPAPI_NUM_COMP=3 -O1  eventname.c ../testlib/libtestlib.a ../libpapi.a -static -o eventname
/workspace/riscv64-lp64d--glibc--stable-2023.11-1/bin/riscv64-linux-gcc -I../testlib -I../validation_tests -I.. -I. -g -O2 -Wno-error --static -g -Wextra  -Wall -DPAPI_NUM_COMP=3 -O1  exeinfo.c ../testlib/libtestlib.a ../libpapi.a -static -o exeinfo 
/workspace/riscv64-lp64d--glibc--stable-2023.11-1/bin/riscv64-linux-gcc -I../testlib -I../validation_tests -I.. -I. -g -O2 -Wno-error --static -g -Wextra  -Wall -DPAPI_NUM_COMP=3 -O1  failed_events.c ../testlib/libtestlib.a ../libpapi.a -static -o failed_events
/workspace/riscv64-lp64d--glibc--stable-2023.11-1/bin/riscv64-linux-gcc -c -Bstatic -static -Wextra -Wall -O2 -g -I. -I.. sde_lib_datastructures.c -o sde_lib_datastructures_s.o
/workspace/riscv64-lp64d--glibc--stable-2023.11-1/bin/riscv64-linux-gcc -I../testlib -I../validation_tests -I.. -I. -g -O2 -Wno-error --static -g -Wextra  -Wall -DPAPI_NUM_COMP=3 -O1  first.c ../testlib/libtestlib.a ../testlib/do_loops.o ../libpapi.a -static -o first
/workspace/riscv64-lp64d--glibc--stable-2023.11-1/bin/riscv64-linux-gcc -I../testlib -I../validation_tests -I.. -I. -g -O2 -Wno-error --static -g -Wextra  -Wall -DPAPI_NUM_COMP=3 -O1  get_event_component.c ../testlib/libtestlib.a ../libpapi.a -static -o get_event_component
/workspace/riscv64-lp64d--glibc--stable-2023.11-1/bin/riscv64-linux-gcc -I../testlib -I../validation_tests -I.. -I. -g -O2 -Wno-error --static -g -Wextra  -Wall -DPAPI_NUM_COMP=3 -O1  inherit.c ../testlib/libtestlib.a ../testlib/do_loops.o ../libpapi.a -static -o inherit
/workspace/riscv64-lp64d--glibc--stable-2023.11-1/bin/riscv64-linux-gcc -I../testlib -I../validation_tests -I.. -I. -g -O2 -Wno-error --static -g -Wextra  -Wall -DPAPI_NUM_COMP=3 -O1  hwinfo.c ../testlib/libtestlib.a ../libpapi.a -static -o hwinfo
/workspace/riscv64-lp64d--glibc--stable-2023.11-1/bin/riscv64-linux-gcc -I../testlib -I../validation_tests -I.. -I. -g -O2 -Wno-error --static -g -Wextra  -Wall -DPAPI_NUM_COMP=3 -O1  johnmay2.c ../testlib/libtestlib.a ../testlib/do_loops.o ../libpapi.a -static -o johnmay2
/workspace/riscv64-lp64d--glibc--stable-2023.11-1/bin/riscv64-linux-gcc -I../testlib -I../validation_tests -I.. -I. -g -O2 -Wno-error --static -g -Wextra  -Wall -DPAPI_NUM_COMP=3 -O1  low-level.c ../testlib/libtestlib.a ../testlib/do_loops.o ../libpapi.a -static -o low-level
/workspace/riscv64-lp64d--glibc--stable-2023.11-1/bin/riscv64-linux-gcc -I../testlib -I../validation_tests -I.. -I. -g -O2 -Wno-error --static -g -Wextra  -Wall -DPAPI_NUM_COMP=3 -O1  memory.c ../testlib/libtestlib.a ../testlib/do_loops.o ../libpapi.a -static -o memory
/workspace/riscv64-lp64d--glibc--stable-2023.11-1/bin/riscv64-linux-gcc -I../testlib -I../validation_tests -I.. -I. -g -O2 -Wno-error --static -g -Wextra  -Wall -DPAPI_NUM_COMP=3 -O1  realtime.c ../testlib/libtestlib.a ../libpapi.a -static -o realtime
/workspace/riscv64-lp64d--glibc--stable-2023.11-1/bin/riscv64-linux-gcc -I../testlib -I../validation_tests -I.. -I. -g -O2 -Wno-error --static -g -Wextra  -Wall -DPAPI_NUM_COMP=3 -O1  remove_events.c ../testlib/libtestlib.a ../testlib/do_loops.o ../libpapi.a -static -o remove_events
/workspace/riscv64-lp64d--glibc--stable-2023.11-1/bin/riscv64-linux-gcc -I../testlib -I../validation_tests -I.. -I. -g -O2 -Wno-error --static -g -Wextra  -Wall -DPAPI_NUM_COMP=3 -O1  reset.c ../testlib/libtestlib.a ../testlib/do_loops.o ../libpapi.a -static -o reset 
/workspace/riscv64-lp64d--glibc--stable-2023.11-1/bin/riscv64-linux-gcc -I../testlib -I../validation_tests -I.. -I. -g -O2 -Wno-error --static -g -Wextra  -Wall -DPAPI_NUM_COMP=3 -O1  second.c ../testlib/libtestlib.a ../testlib/do_loops.o ../libpapi.a -static -o second
/workspace/riscv64-lp64d--glibc--stable-2023.11-1/bin/riscv64-linux-gcc -I../testlib -I../validation_tests -I.. -I. -g -O2 -Wno-error --static -g -Wextra  -Wall -DPAPI_NUM_COMP=3 -O1  tenth.c ../testlib/libtestlib.a ../testlib/do_loops.o ../libpapi.a -static -o tenth
/workspace/riscv64-lp64d--glibc--stable-2023.11-1/bin/riscv64-linux-gcc -I../testlib -I../validation_tests -I.. -I. -g -O2 -Wno-error --static -g -Wextra  -Wall -DPAPI_NUM_COMP=3 -O1  version.c ../testlib/libtestlib.a ../libpapi.a -static -o version
/workspace/riscv64-lp64d--glibc--stable-2023.11-1/bin/riscv64-linux-gcc -c -Bstatic -static -Wextra -Wall -O2 -g -I. -I.. sde_lib_misc.c -o sde_lib_misc_s.o
/workspace/riscv64-lp64d--glibc--stable-2023.11-1/bin/riscv64-linux-gcc -c -Bstatic -static -Wextra -Wall -O2 -g -I. -I.. sde_lib_ti.c -o sde_lib_ti_s.o
/workspace/riscv64-lp64d--glibc--stable-2023.11-1/bin/riscv64-linux-gcc -I../testlib -I../validation_tests -I.. -I. -g -O2 -Wno-error --static -g -Wextra  -Wall -DPAPI_NUM_COMP=3 -O1  virttime.c ../testlib/libtestlib.a ../libpapi.a -static -o virttime
/workspace/riscv64-lp64d--glibc--stable-2023.11-1/bin/riscv64-linux-gcc -I../testlib -I../validation_tests -I.. -I. -g -O2 -Wno-error --static -g -Wextra  -Wall -DPAPI_NUM_COMP=3 -O1  zero.c ../testlib/libtestlib.a ../validation_tests/instructions_testcode.o ../libpapi.a -static -o zero
/workspace/riscv64-lp64d--glibc--stable-2023.11-1/bin/riscv64-linux-gcc -I../testlib -I../validation_tests -I.. -I. -g -O2 -Wno-error --static -g -Wextra  -Wall -DPAPI_NUM_COMP=3 -O1  zero_flip.c ../testlib/libtestlib.a ../testlib/do_loops.o ../libpapi.a -static -o zero_flip
/workspace/riscv64-lp64d--glibc--stable-2023.11-1/bin/riscv64-linux-gcc -I../testlib -I../validation_tests -I.. -I. -g -O2 -Wno-error --static -g -Wextra  -Wall -DPAPI_NUM_COMP=3 -O1  zero_named.c ../testlib/libtestlib.a ../testlib/do_loops.o ../libpapi.a -static -o zero_named
/workspace/riscv64-lp64d--glibc--stable-2023.11-1/bin/riscv64-linux-gcc -I../testlib -I../validation_tests -I.. -I. -g -O2 -Wno-error --static -g -Wextra  -Wall -DPAPI_NUM_COMP=3 -O1  fork.c ../testlib/libtestlib.a ../libpapi.a -static -o fork 
/workspace/riscv64-lp64d--glibc--stable-2023.11-1/bin/riscv64-linux-gcc -I../testlib -I../validation_tests -I.. -I. -g -O2 -Wno-error --static -g -Wextra  -Wall -DPAPI_NUM_COMP=3 -O1  fork2.c ../testlib/libtestlib.a ../libpapi.a -static -o fork2 
ar rs libsde.a sde_lib_s.o sde_lib_datastructures_s.o sde_lib_misc_s.o sde_lib_ti_s.o
rm -f *_s.o
/workspace/riscv64-lp64d--glibc--stable-2023.11-1/bin/riscv64-linux-gcc -I../testlib -I../validation_tests -I.. -I. -g -O2 -Wno-error --static -g -Wextra  -Wall -DPAPI_NUM_COMP=3 -O1  exec.c ../testlib/libtestlib.a ../libpapi.a -static -o exec 
make[1]: Leaving directory '/workspace/_build/riscv64/RISC-V-PAPI/src/sde_lib'
ln -sf sde_lib/libsde.a libsde.a
/workspace/riscv64-lp64d--glibc--stable-2023.11-1/bin/riscv64-linux-gcc -I../testlib -I../validation_tests -I.. -I. -g -O2 -Wno-error --static -g -Wextra  -Wall -DPAPI_NUM_COMP=3 -O1  exec2.c ../testlib/libtestlib.a ../libpapi.a -static -o exec2 
/workspace/riscv64-lp64d--glibc--stable-2023.11-1/bin/riscv64-linux-gcc -I../testlib -I../validation_tests -I.. -I. -g -O2 -Wno-error --static -g -Wextra  -Wall -DPAPI_NUM_COMP=3 -O1  forkexec.c ../testlib/libtestlib.a ../libpapi.a -static -o forkexec 
/workspace/riscv64-lp64d--glibc--stable-2023.11-1/bin/riscv64-linux-gcc -I../testlib -I../validation_tests -I.. -I. -g -O2 -Wno-error --static -g -Wextra  -Wall -DPAPI_NUM_COMP=3 -O1  forkexec2.c ../testlib/libtestlib.a ../libpapi.a -static -o forkexec2 
/workspace/riscv64-lp64d--glibc--stable-2023.11-1/bin/riscv64-linux-gcc -I../testlib -I../validation_tests -I.. -I. -g -O2 -Wno-error --static -g -Wextra  -Wall -DPAPI_NUM_COMP=3 -O1  forkexec3.c ../testlib/libtestlib.a ../libpapi.a -static -o forkexec3 
/workspace/riscv64-lp64d--glibc--stable-2023.11-1/bin/riscv64-linux-gcc -I../testlib -I../validation_tests -I.. -I. -g -O2 -Wno-error --static -g -Wextra  -Wall -DPAPI_NUM_COMP=3 -O1  forkexec4.c ../testlib/libtestlib.a ../libpapi.a -static -o forkexec4 
/workspace/riscv64-lp64d--glibc--stable-2023.11-1/bin/riscv64-linux-gcc -I../testlib -I../validation_tests -I.. -I. -g -O2 -Wno-error --static -g -Wextra  -Wall -DPAPI_NUM_COMP=3 -O1  fork_overflow.c ../testlib/libtestlib.a ../libpapi.a -static -o fork_overflow
/workspace/riscv64-lp64d--glibc--stable-2023.11-1/bin/riscv64-linux-gcc -g -O2 -Wno-error --static -g -Wextra  -Wall -DPAPI_NUM_COMP=3 -O1   -c -o ../validation_tests/busy_work.o ../validation_tests/busy_work.c
/workspace/riscv64-lp64d--glibc--stable-2023.11-1/bin/riscv64-linux-gcc -I../testlib -I../validation_tests -I.. -I. -g -O2 -Wno-error --static -g -Wextra  -Wall -DPAPI_NUM_COMP=3 -O1  -DSYSTEM system_child_overflow.c ../testlib/libtestlib.a ../libpapi.a -static -o system_child_overflow
/workspace/riscv64-lp64d--glibc--stable-2023.11-1/bin/riscv64-linux-gcc -I../testlib -I../validation_tests -I.. -I. -g -O2 -Wno-error --static -g -Wextra  -Wall -DPAPI_NUM_COMP=3 -O1  -DSYSTEM2 system_overflow.c ../testlib/libtestlib.a ../libpapi.a -static -o system_overflow
/workspace/riscv64-lp64d--glibc--stable-2023.11-1/bin/riscv64-linux-gcc -I../testlib -I../validation_tests -I.. -I. -g -O2 -Wno-error --static -g -Wextra  -Wall -DPAPI_NUM_COMP=3 -O1  burn.c ../testlib/libtestlib.a ../testlib/do_loops.o ../libpapi.a -static -o burn
/workspace/riscv64-lp64d--glibc--stable-2023.11-1/bin/riscv64-linux-gcc -I../testlib -I../validation_tests -I.. -I. -g -O2 -Wno-error --static -g -Wextra  -Wall -DPAPI_NUM_COMP=3 -O1  zero_fork.c ../testlib/do_loops.o ../testlib/libtestlib.a ../libpapi.a -static -o zero_fork
/workspace/riscv64-lp64d--glibc--stable-2023.11-1/bin/riscv64-linux-gcc -I../testlib -I../validation_tests -I.. -I. -g -O2 -Wno-error --static -g -Wextra  -Wall -DPAPI_NUM_COMP=3 -O1  overflow.c ../testlib/libtestlib.a ../testlib/do_loops.o ../libpapi.a -static -o overflow
/workspace/riscv64-lp64d--glibc--stable-2023.11-1/bin/riscv64-linux-gcc -I../testlib -I../validation_tests -I.. -I. -g -O2 -Wno-error --static -g -Wextra  -Wall -DPAPI_NUM_COMP=3 -O1  overflow_force_software.c ../testlib/libtestlib.a ../testlib/do_loops.o ../libpapi.a -static -o overflow_force_software
/workspace/riscv64-lp64d--glibc--stable-2023.11-1/bin/riscv64-linux-gcc -I../testlib -I../validation_tests -I.. -I. -g -O2 -Wno-error --static -g -Wextra  -Wall -DPAPI_NUM_COMP=3 -O1  overflow_single_event.c ../testlib/libtestlib.a ../testlib/do_loops.o ../libpapi.a -static -o overflow_single_event
/workspace/riscv64-lp64d--glibc--stable-2023.11-1/bin/riscv64-linux-gcc -I../testlib -I../validation_tests -I.. -I. -g -O2 -Wno-error --static -g -Wextra  -Wall -DPAPI_NUM_COMP=3 -O1  overflow_twoevents.c ../testlib/libtestlib.a ../testlib/do_loops.o ../libpapi.a -static -o overflow_twoevents
/workspace/riscv64-lp64d--glibc--stable-2023.11-1/bin/riscv64-linux-gcc -I../testlib -I../validation_tests -I.. -I. -g -O2 -Wno-error --static -g -Wextra  -Wall -DPAPI_NUM_COMP=3 -O1  timer_overflow.c ../testlib/libtestlib.a ../libpapi.a -static -o timer_overflow 
/workspace/riscv64-lp64d--glibc--stable-2023.11-1/bin/riscv64-linux-gcc -I../testlib -I../validation_tests -I.. -I. -g -O2 -Wno-error --static -g -Wextra  -Wall -DPAPI_NUM_COMP=3 -O1  overflow2.c ../testlib/libtestlib.a ../testlib/do_loops.o ../libpapi.a -static -o overflow2
/workspace/riscv64-lp64d--glibc--stable-2023.11-1/bin/riscv64-linux-gcc -I../testlib -I../validation_tests -I.. -I. -g -O2 -Wno-error --static -g -Wextra  -Wall -DPAPI_NUM_COMP=3 -O1  overflow_index.c ../testlib/libtestlib.a ../testlib/do_loops.o ../libpapi.a -static -o overflow_index
/workspace/riscv64-lp64d--glibc--stable-2023.11-1/bin/riscv64-linux-gcc -I../testlib -I../validation_tests -I.. -I. -g -O2 -Wno-error --static -g -Wextra  -Wall -DPAPI_NUM_COMP=3 -O1  overflow_one_and_read.c ../testlib/libtestlib.a ../testlib/do_loops.o ../libpapi.a -static -o overflow_one_and_read
/workspace/riscv64-lp64d--glibc--stable-2023.11-1/bin/riscv64-linux-gcc -I../testlib -I../validation_tests -I.. -I. -g -O2 -Wno-error --static -g -Wextra  -Wall -DPAPI_NUM_COMP=3 -O1  overflow_allcounters.c ../testlib/libtestlib.a ../testlib/do_loops.o ../libpapi.a -static -o overflow_allcounters
/workspace/riscv64-lp64d--glibc--stable-2023.11-1/bin/riscv64-linux-gcc -I../testlib -I../validation_tests -I.. -I. -g -O2 -Wno-error --static -g -Wextra  -Wall -DPAPI_NUM_COMP=3 -O1  -c prof_utils.c
/workspace/riscv64-lp64d--glibc--stable-2023.11-1/bin/riscv64-linux-gcc -I../testlib -I../validation_tests -I.. -I. -g -O2 -Wno-error --static -g -Wextra  -Wall -DPAPI_NUM_COMP=3 -O1  max_multiplex.c ../testlib/libtestlib.a ../libpapi.a -static -o max_multiplex 
/workspace/riscv64-lp64d--glibc--stable-2023.11-1/bin/riscv64-linux-gcc -I../testlib -I../validation_tests -I.. -I. -g -O2 -Wno-error --static -g -Wextra  -Wall -DPAPI_NUM_COMP=3 -O1  multiplex1.c ../testlib/libtestlib.a ../testlib/do_loops.o ../libpapi.a -static -o multiplex1 
/workspace/riscv64-lp64d--glibc--stable-2023.11-1/bin/riscv64-linux-gcc -I../testlib -I../validation_tests -I.. -I. -g -O2 -Wno-error --static -g -Wextra  -Wall -DPAPI_NUM_COMP=3 -O1  multiplex2.c ../testlib/libtestlib.a ../testlib/do_loops.o ../libpapi.a -static -o multiplex2 
/workspace/riscv64-lp64d--glibc--stable-2023.11-1/bin/riscv64-linux-gcc -I../testlib -I../validation_tests -I.. -I. -g -O2 -Wno-error --static -g -Wextra  -Wall -DPAPI_NUM_COMP=3 -O1  -DMULTIPLEX mendes-alt.c ../testlib/libtestlib.a ../libpapi.a -static -o mendes-alt 
/workspace/riscv64-lp64d--glibc--stable-2023.11-1/bin/riscv64-linux-gcc -I../testlib -I../validation_tests -I.. -I. -g -O2 -Wno-error --static -g -Wextra  -Wall -DPAPI_NUM_COMP=3 -O1 -DMPX  sdsc-mpx.c ../testlib/libtestlib.a ../validation_tests/flops_testcode.o ../libpapi.a -static -o sdsc-mpx
/workspace/riscv64-lp64d--glibc--stable-2023.11-1/bin/riscv64-linux-gcc -I../testlib -I../validation_tests -I.. -I. -g -O2 -Wno-error --static -g -Wextra  -Wall -DPAPI_NUM_COMP=3 -O1 -DMPX  sdsc2.c ../testlib/libtestlib.a ../validation_tests/flops_testcode.o ../libpapi.a -static -lm -o sdsc2-mpx
/workspace/riscv64-lp64d--glibc--stable-2023.11-1/bin/riscv64-linux-gcc -I../testlib -I../validation_tests -I.. -I. -g -O2 -Wno-error --static -g -Wextra  -Wall -DPAPI_NUM_COMP=3 -O1 -DMPX -DSTARTSTOP  sdsc2.c ../testlib/libtestlib.a ../validation_tests/flops_testcode.o ../libpapi.a -lm -static -o sdsc2-mpx-noreset
/workspace/riscv64-lp64d--glibc--stable-2023.11-1/bin/riscv64-linux-gcc -I../testlib -I../validation_tests -I.. -I. -g -O2 -Wno-error --static -g -Wextra  -Wall -DPAPI_NUM_COMP=3 -O1 -DMPX  sdsc4-mpx.c ../testlib/libtestlib.a ../validation_tests/flops_testcode.o ../libpapi.a -static -lm -o sdsc4-mpx
/workspace/riscv64-lp64d--glibc--stable-2023.11-1/bin/riscv64-linux-gcc -I../testlib -I../validation_tests -I.. -I. -g -O2 -Wno-error --static -g -Wextra  -Wall -DPAPI_NUM_COMP=3 -O1  reset_multiplex.c ../testlib/libtestlib.a ../testlib/do_loops.o ../libpapi.a -static -o reset_multiplex
/workspace/riscv64-lp64d--glibc--stable-2023.11-1/bin/riscv64-linux-gcc -pthread -I../testlib -I../validation_tests -I.. -I. -g -O2 -Wno-error --static -g -Wextra  -Wall -DPAPI_NUM_COMP=3 -O1  multiplex1_pthreads.c ../testlib/libtestlib.a ../testlib/do_loops.o ../libpapi.a -static -o multiplex1_pthreads -lpthread
/workspace/riscv64-lp64d--glibc--stable-2023.11-1/bin/riscv64-linux-gcc -pthread -I../testlib -I../validation_tests -I.. -I. -g -O2 -Wno-error --static -g -Wextra  -Wall -DPAPI_NUM_COMP=3 -O1  multiplex3_pthreads.c ../testlib/libtestlib.a ../testlib/do_loops.o ../libpapi.a -static -o multiplex3_pthreads -lpthread
/workspace/riscv64-lp64d--glibc--stable-2023.11-1/bin/riscv64-linux-gcc -pthread -I../testlib -I../validation_tests -I.. -I. -g -O2 -Wno-error --static -g -Wextra  -Wall -DPAPI_NUM_COMP=3 -O1  kufrin.c ../testlib/libtestlib.a ../testlib/do_loops.o ../libpapi.a -static -o kufrin -lpthread
/workspace/riscv64-lp64d--glibc--stable-2023.11-1/bin/riscv64-linux-gcc -pthread -I../testlib -I../validation_tests -I.. -I. -fopenmp -g -O2 -Wno-error --static -g -Wextra  -Wall -DPAPI_NUM_COMP=3 -O1  omp_hl.c ../testlib/libtestlib.a ../testlib/do_loops.o ../libpapi.a -static -o omp_hl 
/workspace/riscv64-lp64d--glibc--stable-2023.11-1/bin/riscv64-linux-gcc -pthread -I../testlib -I../validation_tests -I.. -I. -fopenmp -g -O2 -Wno-error --static -g -Wextra  -Wall -DPAPI_NUM_COMP=3 -O1  zero_omp.c ../testlib/libtestlib.a ../testlib/do_loops.o ../libpapi.a -static -o zero_omp 
/workspace/riscv64-lp64d--glibc--stable-2023.11-1/bin/riscv64-linux-gcc -pthread -I../testlib -I../validation_tests -I.. -I. -fopenmp -g -O2 -Wno-error --static -g -Wextra  -Wall -DPAPI_NUM_COMP=3 -O1  omptough.c ../testlib/libtestlib.a ../libpapi.a -static -o omptough 
/workspace/riscv64-lp64d--glibc--stable-2023.11-1/bin/riscv64-linux-gcc -pthread -I../testlib -I../validation_tests -I.. -I.  -g -O2 -Wno-error --static -g -Wextra  -Wall -DPAPI_NUM_COMP=3 -O1  zero_smp.c ../testlib/libtestlib.a ../testlib/do_loops.o ../libpapi.a -static -o zero_smp 
/workspace/riscv64-lp64d--glibc--stable-2023.11-1/bin/riscv64-linux-gcc -pthread -I../testlib -I../validation_tests -I.. -I.  -g -O2 -Wno-error --static -g -Wextra  -Wall -DPAPI_NUM_COMP=3 -O1  zero_shmem.c ../testlib/libtestlib.a ../testlib/do_loops.o ../libpapi.a -static -o zero_shmem 
/workspace/riscv64-lp64d--glibc--stable-2023.11-1/bin/riscv64-linux-gcc -I../testlib -I../validation_tests -I.. -I. -g -O2 -Wno-error --static -g -Wextra  -Wall -DPAPI_NUM_COMP=3 -O1  earprofile.c ../testlib/libtestlib.a ../testlib/do_loops.o prof_utils.o ../libpapi.a -static -o earprofile
/workspace/riscv64-lp64d--glibc--stable-2023.11-1/bin/riscv64-linux-gcc -I../testlib -I../validation_tests -I.. -I. -g -O2 -Wno-error --static -g -Wextra  -Wall -DPAPI_NUM_COMP=3 -O1  data_range.c ../testlib/libtestlib.a ../libpapi.a -static -o data_range
/workspace/riscv64-lp64d--glibc--stable-2023.11-1/bin/riscv64-linux-gcc -I../testlib -I../validation_tests -I.. -I. -g -O2 -Wno-error --static -g -Wextra  -Wall -DPAPI_NUM_COMP=3 -O1  p4_lst_ins.c ../testlib/libtestlib.a ../testlib/do_loops.o ../libpapi.a -static -o p4_lst_ins
/workspace/riscv64-lp64d--glibc--stable-2023.11-1/bin/riscv64-linux-gcc -I../testlib -I../validation_tests -I.. -I. -g -O2 -Wno-error --static -g -Wextra  -Wall -DPAPI_NUM_COMP=3 -O1  multiattach.c ../testlib/libtestlib.a ../testlib/do_loops.o ../libpapi.a -static -o multiattach
/workspace/riscv64-lp64d--glibc--stable-2023.11-1/bin/riscv64-linux-gcc -I../testlib -I../validation_tests -I.. -I. -g -O2 -Wno-error --static -g -Wextra  -Wall -DPAPI_NUM_COMP=3 -O1  multiattach2.c ../testlib/libtestlib.a ../testlib/do_loops.o ../libpapi.a -static -o multiattach2
/workspace/riscv64-lp64d--glibc--stable-2023.11-1/bin/riscv64-linux-gcc -I../testlib -I../validation_tests -I.. -I. -g -O2 -Wno-error --static -g -Wextra  -Wall -DPAPI_NUM_COMP=3 -O1  zero_attach.c ../testlib/libtestlib.a ../testlib/do_loops.o ../libpapi.a -static -o zero_attach
/workspace/riscv64-lp64d--glibc--stable-2023.11-1/bin/riscv64-linux-gcc -I../testlib -I../validation_tests -I.. -I. -g -O2 -Wno-error --static -g -Wextra  -Wall -DPAPI_NUM_COMP=3 -O1  attach_target.c -o attach_target ../testlib/do_loops.o ../testlib/libtestlib.a -static
/workspace/riscv64-lp64d--glibc--stable-2023.11-1/bin/riscv64-linux-gcc -I../testlib -I../validation_tests -I.. -I. -g -O2 -Wno-error --static -g -Wextra  -Wall -DPAPI_NUM_COMP=3 -O1  attach_cpu.c ../testlib/libtestlib.a ../testlib/do_loops.o ../libpapi.a -static -o attach_cpu 
/workspace/riscv64-lp64d--glibc--stable-2023.11-1/bin/riscv64-linux-gcc -I../testlib -I../validation_tests -I.. -I. -g -O2 -Wno-error --static -g -Wextra  -Wall -DPAPI_NUM_COMP=3 -O1  attach_cpu_validate.c ../testlib/libtestlib.a ../testlib/do_loops.o ../libpapi.a -static -o attach_cpu_validate
/workspace/riscv64-lp64d--glibc--stable-2023.11-1/bin/riscv64-linux-gcc -I../testlib -I../validation_tests -I.. -I. -g -O2 -Wno-error --static -g -Wextra  -Wall -DPAPI_NUM_COMP=3 -O1  attach_cpu_sys_validate.c ../testlib/libtestlib.a ../testlib/do_loops.o ../libpapi.a -static -o attach_cpu_sys_validate
/workspace/riscv64-lp64d--glibc--stable-2023.11-1/bin/riscv64-linux-gcc -I../testlib -I../validation_tests -I.. -I. -g -O2 -Wno-error --static -g -Wextra  -Wall -DPAPI_NUM_COMP=3 -O1  -DPEXEC exec_overflow.c ../testlib/libtestlib.a ../libpapi.a ../validation_tests/busy_work.o -static -o exec_overflow
/workspace/riscv64-lp64d--glibc--stable-2023.11-1/bin/riscv64-linux-gcc -I../testlib -I../validation_tests -I.. -I. -g -O2 -Wno-error --static -g -Wextra  -Wall -DPAPI_NUM_COMP=3 -O1  -DPCHILD child_overflow.c ../testlib/libtestlib.a ../libpapi.a ../validation_tests/busy_work.o -static -o child_overflow
/workspace/riscv64-lp64d--glibc--stable-2023.11-1/bin/riscv64-linux-gcc -I../testlib -I../validation_tests -I.. -I. -g -O2 -Wno-error --static -g -Wextra  -Wall -DPAPI_NUM_COMP=3 -O1  profile.c prof_utils.o ../testlib/libtestlib.a ../testlib/do_loops.o ../libpapi.a -static -o profile
/workspace/riscv64-lp64d--glibc--stable-2023.11-1/bin/riscv64-linux-gcc -I../testlib -I../validation_tests -I.. -I. -g -O2 -Wno-error --static -g -Wextra  -Wall -DPAPI_NUM_COMP=3 -O1  -DSWPROFILE profile.c prof_utils.o ../testlib/libtestlib.a ../testlib/do_loops.o ../libpapi.a -static -o profile_force_software
/workspace/riscv64-lp64d--glibc--stable-2023.11-1/bin/riscv64-linux-gcc -I../testlib -I../validation_tests -I.. -I. -g -O2 -Wno-error --static -g -Wextra  -Wall -DPAPI_NUM_COMP=3 -O1  sprofile.c prof_utils.o ../testlib/libtestlib.a ../testlib/do_loops.o ../libpapi.a -static -o sprofile
/workspace/riscv64-lp64d--glibc--stable-2023.11-1/bin/riscv64-linux-gcc -I../testlib -I../validation_tests -I.. -I. -g -O2 -Wno-error --static -g -Wextra  -Wall -DPAPI_NUM_COMP=3 -O1  profile_twoevents.c prof_utils.o ../testlib/libtestlib.a ../testlib/do_loops.o ../libpapi.a -static -o profile_twoevents
/workspace/riscv64-lp64d--glibc--stable-2023.11-1/bin/riscv64-linux-gcc -I../testlib -I../validation_tests -I.. -I. -g -O2 -Wno-error --static -g -Wextra  -Wall -DPAPI_NUM_COMP=3 -O1  byte_profile.c prof_utils.o ../testlib/libtestlib.a ../testlib/do_loops.o ../libpapi.a -static -o byte_profile
/workspace/riscv64-lp64d--glibc--stable-2023.11-1/bin/riscv64-linux-gcc -I../testlib -I../validation_tests -I.. -I. -g -O2 -Wno-error --static -g -Wextra  -Wall -DPAPI_NUM_COMP=3 -O1  attach3.c ../testlib/libtestlib.a ../libpapi.a -static -o attach3 
/workspace/riscv64-lp64d--glibc--stable-2023.11-1/bin/riscv64-linux-gcc -I../testlib -I../validation_tests -I.. -I. -g -O2 -Wno-error --static -g -Wextra  -Wall -DPAPI_NUM_COMP=3 -O1  attach2.c ../testlib/libtestlib.a ../libpapi.a -static -o attach2 
/workspace/riscv64-lp64d--glibc--stable-2023.11-1/bin/riscv64-linux-gcc -I../testlib -I../validation_tests -I.. -I. -g -O2 -Wno-error --static -g -Wextra  -Wall -DPAPI_NUM_COMP=3 -O1  attach_validate.c ../testlib/libtestlib.a ../validation_tests/instructions_testcode.o ../libpapi.a -static -o attach_validate
make[1]: Leaving directory '/workspace/_build/riscv64/RISC-V-PAPI/src/ctests'
